#
# A fatal error has been detected by the Java Runtime Environment:
#
#  EXCEPTION_ACCESS_VIOLATION (0xc0000005) at pc=0x00007ffe31d3f99c, pid=7052, tid=7644
#
# JRE version: OpenJDK Runtime Environment (15.0.1+9) (build 15.0.1+9-18)
# Java VM: OpenJDK 64-Bit Server VM (15.0.1+9-18, mixed mode, tiered, compressed oops, g1 gc, windows-amd64)
# Problematic frame:
# V  [jvm.dll+0x4ef99c]
#
# No core dump will be written. Minidumps are not enabled by default on client versions of Windows
#
# If you would like to submit a bug report, please visit:
#   https://bugreport.java.com/bugreport/crash.jsp
#

---------------  S U M M A R Y ------------

Command Line: -XX:+ShowCodeDetailsInExceptionMessages -agentlib:jdwp=transport=dt_socket,suspend=y,address=localhost:49866 -ea -javaagent:C:\eclipse\configuration\org.eclipse.osgi\405\0\.cp\lib\javaagent-shaded.jar -Dfile.encoding=UTF-8 org.eclipse.jdt.internal.junit.runner.RemoteTestRunner -version 3 -port 49864 -testLoaderClass org.eclipse.jdt.internal.junit5.runner.JUnit5TestLoader -loaderpluginname org.eclipse.jdt.junit5.runtime -test com.todoapplication.api.TaskControllerTest:TestGetAllTask_InsertTaskInDb -uniqueId [engine:junit-jupiter]/[class:com.todoapplication.api.TaskControllerTest]/[method:TestGetAllTask_InsertTaskInDb()]

Host: Intel(R) Core(TM)2 Quad CPU    Q9550  @ 2.83GHz, 4 cores, 3G,  Windows 10 , 64 bit Build 19041 (10.0.19041.1202)
Time: Tue Nov  9 16:40:25 2021 Paris, Madrid elapsed time: 16733.248495 seconds (0d 4h 38m 53s)

---------------  T H R E A D  ---------------

Current thread (0x00000274f48988d0):  JavaThread "JDWP Transport Listener: dt_socket" daemon [_thread_in_vm, id=7644, stack(0x000000803e700000,0x000000803e800000)] _threads_hazard_ptr=0x00000274fa733720

Stack: [0x000000803e700000,0x000000803e800000],  sp=0x000000803e7ff230,  free space=1020k
Native frames: (J=compiled Java code, j=interpreted, Vv=VM code, C=native code)
V  [jvm.dll+0x4ef99c]
V  [jvm.dll+0x787e95]
V  [jvm.dll+0x4d430a]
V  [jvm.dll+0x49548b]
C  [jdwp.dll+0x796b]


siginfo: EXCEPTION_ACCESS_VIOLATION (0xc0000005), reading address 0x000000004000000a


Register to memory mapping:

RIP=0x00007ffe31d3f99c jvm.dll
RAX=0x00000274f567e770 is pointing into metadata
RBX=0x0 is NULL
RCX=0x00000274f567e420 is pointing into metadata
RDX=0x000000000000ca13 is an unknown value
RSP=0x000000803e7ff230 is pointing into the stack for thread: 0x00000274f48988d0
RBP={method} {0x00000274f567e810} 'TestGetAllTask_InsertTaskInDb' '()V' in 'com/todoapplication/api/TaskControllerTest'
RSI=0x0000000000000003 is an unknown value
RDI=0x0 is NULL
R8 =0x0 is NULL
R9 =0x0 is NULL
R10=0x0 is NULL
R11=0x0 is NULL
R12=0x00000274f3c9dd78 points into unknown readable memory: 0x0000000000000000 | 00 00 00 00 00 00 00 00
R13=0x00000000000003d8 is an unknown value
R14=0x000000803e7ff490 is pointing into the stack for thread: 0x00000274f48988d0
R15=0x0000000040000004 is an unknown value


Registers:
RAX=0x00000274f567e770, RBX=0x0000000000000000, RCX=0x00000274f567e420, RDX=0x000000000000ca13
RSP=0x000000803e7ff230, RBP=0x00000274f567e808, RSI=0x0000000000000003, RDI=0x0000000000000000
R8 =0x0000000000000000, R9 =0x0000000000000000, R10=0x0000000000000000, R11=0x0000000000000000
R12=0x00000274f3c9dd78, R13=0x00000000000003d8, R14=0x000000803e7ff490, R15=0x0000000040000004
RIP=0x00007ffe31d3f99c, EFLAGS=0x0000000000010297

Top of Stack: (sp=0x000000803e7ff230)
0x000000803e7ff230:   00000274f474bbc0 0000000000000000
0x000000803e7ff240:   0000000000000000 00007fb894cc6554
0x000000803e7ff250:   00000274f3c9d9a0 00000274da8307c0
0x000000803e7ff260:   00000274f3c9dd78 00000274f567e808
0x000000803e7ff270:   0000000000000000 00007ffe31d404b1
0x000000803e7ff280:   00000274f48988d0 000000803e7ff490
0x000000803e7ff290:   00000274f3c9d9a0 00000274da8307c0
0x000000803e7ff2a0:   000000803e7ff490 00007ffe31fd7e95
0x000000803e7ff2b0:   00000274f48a8de0 0000000000000000
0x000000803e7ff2c0:   00000274f48988d0 00007ffe31fd810c
0x000000803e7ff2d0:   0000000000000000 00000274da82b600
0x000000803e7ff2e0:   00000274da82b600 00000274f48988d0
0x000000803e7ff2f0:   00000274da630000 000000803e7ff3b9
0x000000803e7ff300:   000000000000001a 00007ffe6259b3c7
0x000000803e7ff310:   00000274da5b0000 0000000000000000
0x000000803e7ff320:   0000000000000190 0000008000000000 

Instructions: (pc=0x00007ffe31d3f99c)
0x00007ffe31d3f89c:   cb 40 f6 c7 04 75 13 e8 98 f1 b9 ff 48 8b c3 48
0x00007ffe31d3f8ac:   8b 5c 24 30 48 83 c4 20 5f c3 ba 20 00 00 00 e8
0x00007ffe31d3f8bc:   b0 a8 b1 ff 48 8b c3 48 8b 5c 24 30 48 83 c4 20
0x00007ffe31d3f8cc:   5f c3 cc cc 48 89 5c 24 08 48 89 6c 24 10 48 89
0x00007ffe31d3f8dc:   74 24 18 57 41 56 41 57 48 83 ec 60 48 8b 02 4c
0x00007ffe31d3f8ec:   8b f1 48 8b ca 48 8b da ff 50 38 48 8b e8 48 8b
0x00007ffe31d3f8fc:   48 08 e8 9d c5 d1 ff 48 63 f0 85 c0 74 54 48 8b
0x00007ffe31d3f90c:   13 48 8b cb ff 52 40 48 8b 4d 08 8b f8 e8 d2 c6
0x00007ffe31d3f91c:   d1 ff 33 db 4c 8b f8 44 8b cb 85 f6 7e 34 45 8b
0x00007ffe31d3f92c:   5e 3c 48 8d 50 02 44 8b c3 0f b7 4a 08 44 3b d9
0x00007ffe31d3f93c:   75 11 0f b7 4a fe 3b cf 7f 09 0f b7 02 03 c1 3b
0x00007ffe31d3f94c:   f8 7e 33 41 ff c1 49 ff c0 48 83 c2 0c 4c 3b c6
0x00007ffe31d3f95c:   7c d7 41 c7 46 5c 23 00 00 00 32 c0 4c 8d 5c 24
0x00007ffe31d3f96c:   60 49 8b 5b 20 49 8b 6b 28 49 8b 73 30 49 8b e3
0x00007ffe31d3f97c:   41 5f 41 5e 5f c3 41 8b c1 48 8d 0c 40 48 8b 45
0x00007ffe31d3f98c:   08 41 0f b7 54 8f 06 48 8b 48 08 4c 8b 7c d1 48
0x00007ffe31d3f99c:   41 0f be 4f 06 e8 1a 7d 1b 00 83 f8 04 7c 20 83
0x00007ffe31d3f9ac:   f8 05 7e 16 83 f8 07 7e 16 83 f8 09 7e 0c 83 f8
0x00007ffe31d3f9bc:   0d 75 0c b8 0c 00 00 00 eb 05 b8 0a 00 00 00 41
0x00007ffe31d3f9cc:   39 46 40 74 0b b8 22 00 00 00 41 89 46 5c eb 8a
0x00007ffe31d3f9dc:   41 38 5e 58 0f 84 b0 01 00 00 83 f8 0c 0f 85 a7
0x00007ffe31d3f9ec:   01 00 00 49 8b 7e 48 48 85 ff 0f 84 9a 01 00 00
0x00007ffe31d3f9fc:   65 48 8b 04 25 58 00 00 00 8b 15 c1 04 5e 00 48
0x00007ffe31d3fa0c:   8b 34 d0 b8 40 00 00 00 38 1c 30 75 05 e8 ce 8c
0x00007ffe31d3fa1c:   2e 00 bd 08 00 00 00 48 8d 4c 24 20 48 8b 2c 2e
0x00007ffe31d3fa2c:   48 8b d5 e8 8c 4d e2 ff 48 8b cf e8 24 7b ee ff
0x00007ffe31d3fa3c:   48 8b f0 48 85 c0 0f 84 55 01 00 00 48 8b bd 98
0x00007ffe31d3fa4c:   02 00 00 bd 08 00 00 00 48 8b 47 18 48 83 f8 f7
0x00007ffe31d3fa5c:   76 15 4c 8d 05 cb 75 35 00 8b d5 48 8b cf e8 e1
0x00007ffe31d3fa6c:   8e ba ff 48 8b 47 18 48 8d 48 08 48 3b 4f 20 76
0x00007ffe31d3fa7c:   10 45 33 c0 48 8b d5 48 8b cf e8 15 8b ba ff eb
0x00007ffe31d3fa8c:   04 48 89 4f 18 48 89 30 38 1d 47 35 59 00 74 15 


Stack slot to memory mapping:
stack at sp + 0 slots: 0x00000274f474bbc0 points into unknown readable memory: 0x00007ffe3213e728 | 28 e7 13 32 fe 7f 00 00
stack at sp + 1 slots: 0x0 is NULL
stack at sp + 2 slots: 0x0 is NULL
stack at sp + 3 slots: 0x00007fb894cc6554 is an unknown value
stack at sp + 4 slots: 0x00000274f3c9d9a0 points into unknown readable memory: 0x6f506972616b6948 | 48 69 6b 61 72 69 50 6f
stack at sp + 5 slots: 0x00000274da8307c0 is a thread
stack at sp + 6 slots: 0x00000274f3c9dd78 points into unknown readable memory: 0x0000000000000000 | 00 00 00 00 00 00 00 00
stack at sp + 7 slots: {method} {0x00000274f567e810} 'TestGetAllTask_InsertTaskInDb' '()V' in 'com/todoapplication/api/TaskControllerTest'


---------------  P R O C E S S  ---------------

Threads class SMR info:
_java_thread_list=0x00000274fa733720, length=15, elements={
0x00000274da8307c0, 0x00000274f3c68140, 0x00000274f3c68c10, 0x00000274f3c913d0,
0x00000274f3c81130, 0x00000274f3c82a00, 0x00000274f3c835f0, 0x00000274f3c88c10,
0x00000274f4655f00, 0x00000274f478c010, 0x00000274f48988d0, 0x00000274f489b780,
0x00000274f489bc70, 0x00000274f499c410, 0x00000274f8e5c0e0
}

Java Threads: ( => current thread )
  0x00000274da8307c0 JavaThread "main" [_thread_blocked, id=7616, stack(0x000000803d700000,0x000000803d800000)]
  0x00000274f3c68140 JavaThread "Reference Handler" daemon [_thread_blocked, id=5228, stack(0x000000803de00000,0x000000803df00000)]
  0x00000274f3c68c10 JavaThread "Finalizer" daemon [_thread_blocked, id=9444, stack(0x000000803df00000,0x000000803e000000)]
  0x00000274f3c913d0 JavaThread "Signal Dispatcher" daemon [_thread_blocked, id=8712, stack(0x000000803e000000,0x000000803e100000)]
  0x00000274f3c81130 JavaThread "Attach Listener" daemon [_thread_blocked, id=5900, stack(0x000000803e100000,0x000000803e200000)]
  0x00000274f3c82a00 JavaThread "Service Thread" daemon [_thread_blocked, id=4508, stack(0x000000803e200000,0x000000803e300000)]
  0x00000274f3c835f0 JavaThread "C2 CompilerThread0" daemon [_thread_blocked, id=6492, stack(0x000000803e300000,0x000000803e400000)]
  0x00000274f3c88c10 JavaThread "C1 CompilerThread0" daemon [_thread_blocked, id=9468, stack(0x000000803e400000,0x000000803e500000)]
  0x00000274f4655f00 JavaThread "Sweeper thread" daemon [_thread_blocked, id=844, stack(0x000000803e500000,0x000000803e600000)]
  0x00000274f478c010 JavaThread "Common-Cleaner" daemon [_thread_blocked, id=2732, stack(0x000000803e600000,0x000000803e700000)]
=>0x00000274f48988d0 JavaThread "JDWP Transport Listener: dt_socket" daemon [_thread_in_vm, id=7644, stack(0x000000803e700000,0x000000803e800000)]
  0x00000274f489b780 JavaThread "JDWP Event Helper Thread" daemon [_thread_blocked, id=8412, stack(0x000000803e800000,0x000000803e900000)]
  0x00000274f489bc70 JavaThread "JDWP Command Reader" daemon [_thread_in_native, id=8884, stack(0x000000803e900000,0x000000803ea00000)]
  0x00000274f499c410 JavaThread "Notification Thread" daemon [_thread_blocked, id=3220, stack(0x000000803ea00000,0x000000803eb00000)]
  0x00000274f8e5c0e0 JavaThread "HikariPool-1 housekeeper" daemon [_thread_blocked, id=7852, stack(0x000000803f000000,0x000000803f100000)]

Other Threads:
  0x00000274f3c322b0 VMThread "VM Thread" [stack: 0x000000803dd00000,0x000000803de00000] [id=6892]
  0x00000274da831970 WatcherThread [stack: 0x000000803eb00000,0x000000803ec00000] [id=5912]
  0x00000274da85e930 GCTaskThread "GC Thread#0" [stack: 0x000000803d800000,0x000000803d900000] [id=1432]
  0x00000274f4857b60 GCTaskThread "GC Thread#1" [stack: 0x000000803ec00000,0x000000803ed00000] [id=1600]
  0x00000274f4858b50 GCTaskThread "GC Thread#2" [stack: 0x000000803ee00000,0x000000803ef00000] [id=1788]
  0x00000274f4856510 GCTaskThread "GC Thread#3" [stack: 0x000000803ef00000,0x000000803f000000] [id=2816]
  0x00000274da86a2c0 ConcurrentGCThread "G1 Main Marker" [stack: 0x000000803d900000,0x000000803da00000] [id=2892]
  0x00000274da86aeb0 ConcurrentGCThread "G1 Conc#0" [stack: 0x000000803da00000,0x000000803db00000] [id=10168]
  0x00000274da8c13c0 ConcurrentGCThread "G1 Refine#0" [stack: 0x000000803db00000,0x000000803dc00000] [id=5696]
  0x00000274da8c3ed0 ConcurrentGCThread "G1 Young RemSet Sampling" [stack: 0x000000803dc00000,0x000000803dd00000] [id=8404]

Threads with active compile tasks:

VM state: not at safepoint (normal execution)

VM Mutex/Monitor currently owned by a thread: None

Heap address: 0x00000000c0000000, size: 1024 MB, Compressed Oops mode: 32-bit
CDS disabled.
Compressed class space mapped at: 0x0000000100000000-0x0000000140000000, size: 1073741824
Narrow klass base: 0x0000000000000000, Narrow klass shift: 3, Narrow klass range: 0x140000000

GC Precious Log:
 CPUs: 4 total, 4 available
 Memory: 4095M
 Large Page Support: Disabled
 NUMA Support: Disabled
 Compressed Oops: Enabled (32-bit)
 Heap Region Size: 1M
 Heap Min Capacity: 8M
 Heap Initial Capacity: 64M
 Heap Max Capacity: 1G
 Pre-touch: Disabled
 Parallel Workers: 4
 Concurrent Workers: 1
 Concurrent Refinement Workers: 4
 Periodic GC: Disabled

Heap:
 garbage-first heap   total 103424K, used 60216K [0x00000000c0000000, 0x0000000100000000)
  region size 1024K, 36 young (36864K), 3 survivors (3072K)
 Metaspace       used 65599K, capacity 66123K, committed 66252K, reserved 1107968K
  class space    used 8106K, capacity 8276K, committed 8396K, reserved 1048576K

Heap Regions: E=young(eden), S=young(survivor), O=old, HS=humongous(starts), HC=humongous(continues), CS=collection set, F=free, OA=open archive, CA=closed archive, TAMS=top-at-mark-start (previous, next)
|   0|0x00000000c0000000, 0x00000000c0100000, 0x00000000c0100000|100%|HS|  |TAMS 0x00000000c0100000, 0x00000000c0000000| Complete 
|   1|0x00000000c0100000, 0x00000000c0200000, 0x00000000c0200000|100%| O|  |TAMS 0x00000000c0200000, 0x00000000c0100000| Untracked 
|   2|0x00000000c0200000, 0x00000000c0300000, 0x00000000c0300000|100%| O|  |TAMS 0x00000000c0300000, 0x00000000c0200000| Untracked 
|   3|0x00000000c0300000, 0x00000000c0400000, 0x00000000c0400000|100%| O|  |TAMS 0x00000000c0400000, 0x00000000c0300000| Untracked 
|   4|0x00000000c0400000, 0x00000000c0500000, 0x00000000c0500000|100%| O|  |TAMS 0x00000000c0500000, 0x00000000c0400000| Untracked 
|   5|0x00000000c0500000, 0x00000000c0600000, 0x00000000c0600000|100%| O|  |TAMS 0x00000000c0600000, 0x00000000c0500000| Untracked 
|   6|0x00000000c0600000, 0x00000000c0700000, 0x00000000c0700000|100%| O|  |TAMS 0x00000000c0700000, 0x00000000c0600000| Untracked 
|   7|0x00000000c0700000, 0x00000000c0713000, 0x00000000c0800000|  7%| O|  |TAMS 0x00000000c0713000, 0x00000000c0700000| Untracked 
|   8|0x00000000c0800000, 0x00000000c0900000, 0x00000000c0900000|100%| O|  |TAMS 0x00000000c0900000, 0x00000000c0800000| Untracked 
|   9|0x00000000c0900000, 0x00000000c0a00000, 0x00000000c0a00000|100%| O|  |TAMS 0x00000000c0a00000, 0x00000000c0900000| Untracked 
|  10|0x00000000c0a00000, 0x00000000c0b00000, 0x00000000c0b00000|100%| O|  |TAMS 0x00000000c0b00000, 0x00000000c0a00000| Untracked 
|  11|0x00000000c0b00000, 0x00000000c0c00000, 0x00000000c0c00000|100%| O|  |TAMS 0x00000000c0c00000, 0x00000000c0b00000| Untracked 
|  12|0x00000000c0c00000, 0x00000000c0d00000, 0x00000000c0d00000|100%| O|  |TAMS 0x00000000c0d00000, 0x00000000c0c00000| Untracked 
|  13|0x00000000c0d00000, 0x00000000c0e00000, 0x00000000c0e00000|100%| O|  |TAMS 0x00000000c0e00000, 0x00000000c0d00000| Untracked 
|  14|0x00000000c0e00000, 0x00000000c0f00000, 0x00000000c0f00000|100%| O|  |TAMS 0x00000000c0f00000, 0x00000000c0e00000| Untracked 
|  15|0x00000000c0f00000, 0x00000000c1000000, 0x00000000c1000000|100%| O|  |TAMS 0x00000000c1000000, 0x00000000c0f00000| Untracked 
|  16|0x00000000c1000000, 0x00000000c1100000, 0x00000000c1100000|100%| O|  |TAMS 0x00000000c10d8a00, 0x00000000c1000000| Untracked 
|  17|0x00000000c1100000, 0x00000000c1200000, 0x00000000c1200000|100%| O|  |TAMS 0x00000000c1100000, 0x00000000c1100000| Untracked 
|  18|0x00000000c1200000, 0x00000000c12c9400, 0x00000000c1300000| 78%| O|  |TAMS 0x00000000c1200000, 0x00000000c1200000| Untracked 
|  19|0x00000000c1300000, 0x00000000c1400000, 0x00000000c1400000|100%| O|  |TAMS 0x00000000c1300000, 0x00000000c1300000| Untracked 
|  20|0x00000000c1400000, 0x00000000c1500000, 0x00000000c1500000|100%| O|  |TAMS 0x00000000c1400000, 0x00000000c1400000| Untracked 
|  21|0x00000000c1500000, 0x00000000c1600000, 0x00000000c1600000|100%| O|  |TAMS 0x00000000c1500000, 0x00000000c1500000| Untracked 
|  22|0x00000000c1600000, 0x00000000c1700000, 0x00000000c1700000|100%| O|  |TAMS 0x00000000c1600000, 0x00000000c1600000| Untracked 
|  23|0x00000000c1700000, 0x00000000c1800000, 0x00000000c1800000|100%| O|  |TAMS 0x00000000c1700000, 0x00000000c1700000| Untracked 
|  24|0x00000000c1800000, 0x00000000c1900000, 0x00000000c1900000|100%| O|  |TAMS 0x00000000c1800000, 0x00000000c1800000| Untracked 
|  25|0x00000000c1900000, 0x00000000c1911c00, 0x00000000c1a00000|  6%| O|  |TAMS 0x00000000c1900000, 0x00000000c1900000| Untracked 
|  26|0x00000000c1a00000, 0x00000000c1a00000, 0x00000000c1b00000|  0%| F|  |TAMS 0x00000000c1a00000, 0x00000000c1a00000| Untracked 
|  27|0x00000000c1b00000, 0x00000000c1b00000, 0x00000000c1c00000|  0%| F|  |TAMS 0x00000000c1b00000, 0x00000000c1b00000| Untracked 
|  28|0x00000000c1c00000, 0x00000000c1c00000, 0x00000000c1d00000|  0%| F|  |TAMS 0x00000000c1c00000, 0x00000000c1c00000| Untracked 
|  29|0x00000000c1d00000, 0x00000000c1d00000, 0x00000000c1e00000|  0%| F|  |TAMS 0x00000000c1d00000, 0x00000000c1d00000| Untracked 
|  30|0x00000000c1e00000, 0x00000000c1e00000, 0x00000000c1f00000|  0%| F|  |TAMS 0x00000000c1e00000, 0x00000000c1e00000| Untracked 
|  31|0x00000000c1f00000, 0x00000000c1f00000, 0x00000000c2000000|  0%| F|  |TAMS 0x00000000c1f00000, 0x00000000c1f00000| Untracked 
|  32|0x00000000c2000000, 0x00000000c2000000, 0x00000000c2100000|  0%| F|  |TAMS 0x00000000c2000000, 0x00000000c2000000| Untracked 
|  33|0x00000000c2100000, 0x00000000c2100000, 0x00000000c2200000|  0%| F|  |TAMS 0x00000000c2100000, 0x00000000c2100000| Untracked 
|  34|0x00000000c2200000, 0x00000000c2200000, 0x00000000c2300000|  0%| F|  |TAMS 0x00000000c2200000, 0x00000000c2200000| Untracked 
|  35|0x00000000c2300000, 0x00000000c2300000, 0x00000000c2400000|  0%| F|  |TAMS 0x00000000c2300000, 0x00000000c2300000| Untracked 
|  36|0x00000000c2400000, 0x00000000c2400000, 0x00000000c2500000|  0%| F|  |TAMS 0x00000000c2400000, 0x00000000c2400000| Untracked 
|  37|0x00000000c2500000, 0x00000000c2500000, 0x00000000c2600000|  0%| F|  |TAMS 0x00000000c2500000, 0x00000000c2500000| Untracked 
|  38|0x00000000c2600000, 0x00000000c2600000, 0x00000000c2700000|  0%| F|  |TAMS 0x00000000c2600000, 0x00000000c2600000| Untracked 
|  39|0x00000000c2700000, 0x00000000c2700000, 0x00000000c2800000|  0%| F|  |TAMS 0x00000000c2700000, 0x00000000c2700000| Untracked 
|  40|0x00000000c2800000, 0x00000000c28e0340, 0x00000000c2900000| 87%| S|CS|TAMS 0x00000000c2800000, 0x00000000c2800000| Complete 
|  41|0x00000000c2900000, 0x00000000c2a00000, 0x00000000c2a00000|100%| S|CS|TAMS 0x00000000c2900000, 0x00000000c2900000| Complete 
|  42|0x00000000c2a00000, 0x00000000c2b00000, 0x00000000c2b00000|100%| S|CS|TAMS 0x00000000c2a00000, 0x00000000c2a00000| Complete 
|  43|0x00000000c2b00000, 0x00000000c2b00000, 0x00000000c2c00000|  0%| F|  |TAMS 0x00000000c2b00000, 0x00000000c2b00000| Untracked 
|  44|0x00000000c2c00000, 0x00000000c2c00000, 0x00000000c2d00000|  0%| F|  |TAMS 0x00000000c2c00000, 0x00000000c2c00000| Untracked 
|  45|0x00000000c2d00000, 0x00000000c2d00000, 0x00000000c2e00000|  0%| F|  |TAMS 0x00000000c2d00000, 0x00000000c2d00000| Untracked 
|  46|0x00000000c2e00000, 0x00000000c2e00000, 0x00000000c2f00000|  0%| F|  |TAMS 0x00000000c2e00000, 0x00000000c2e00000| Untracked 
|  47|0x00000000c2f00000, 0x00000000c2f00000, 0x00000000c3000000|  0%| F|  |TAMS 0x00000000c2f00000, 0x00000000c2f00000| Untracked 
|  48|0x00000000c3000000, 0x00000000c3000000, 0x00000000c3100000|  0%| F|  |TAMS 0x00000000c3000000, 0x00000000c3000000| Untracked 
|  49|0x00000000c3100000, 0x00000000c3100000, 0x00000000c3200000|  0%| F|  |TAMS 0x00000000c3100000, 0x00000000c3100000| Untracked 
|  50|0x00000000c3200000, 0x00000000c3200000, 0x00000000c3300000|  0%| F|  |TAMS 0x00000000c3200000, 0x00000000c3200000| Untracked 
|  51|0x00000000c3300000, 0x00000000c3300000, 0x00000000c3400000|  0%| F|  |TAMS 0x00000000c3300000, 0x00000000c3300000| Untracked 
|  52|0x00000000c3400000, 0x00000000c3400000, 0x00000000c3500000|  0%| F|  |TAMS 0x00000000c3400000, 0x00000000c3400000| Untracked 
|  53|0x00000000c3500000, 0x00000000c3500000, 0x00000000c3600000|  0%| F|  |TAMS 0x00000000c3500000, 0x00000000c3500000| Untracked 
|  54|0x00000000c3600000, 0x00000000c3600000, 0x00000000c3700000|  0%| F|  |TAMS 0x00000000c3600000, 0x00000000c3600000| Untracked 
|  55|0x00000000c3700000, 0x00000000c3700000, 0x00000000c3800000|  0%| F|  |TAMS 0x00000000c3700000, 0x00000000c3700000| Untracked 
|  56|0x00000000c3800000, 0x00000000c3800000, 0x00000000c3900000|  0%| F|  |TAMS 0x00000000c3800000, 0x00000000c3800000| Untracked 
|  57|0x00000000c3900000, 0x00000000c3900000, 0x00000000c3a00000|  0%| F|  |TAMS 0x00000000c3900000, 0x00000000c3900000| Untracked 
|  58|0x00000000c3a00000, 0x00000000c3a00000, 0x00000000c3b00000|  0%| F|  |TAMS 0x00000000c3a00000, 0x00000000c3a00000| Untracked 
|  59|0x00000000c3b00000, 0x00000000c3b00000, 0x00000000c3c00000|  0%| F|  |TAMS 0x00000000c3b00000, 0x00000000c3b00000| Untracked 
|  60|0x00000000c3c00000, 0x00000000c3c00000, 0x00000000c3d00000|  0%| F|  |TAMS 0x00000000c3c00000, 0x00000000c3c00000| Untracked 
|  61|0x00000000c3d00000, 0x00000000c3d00000, 0x00000000c3e00000|  0%| F|  |TAMS 0x00000000c3d00000, 0x00000000c3d00000| Untracked 
|  62|0x00000000c3e00000, 0x00000000c3e00000, 0x00000000c3f00000|  0%| F|  |TAMS 0x00000000c3e00000, 0x00000000c3e00000| Untracked 
|  63|0x00000000c3f00000, 0x00000000c3f00000, 0x00000000c4000000|  0%| F|  |TAMS 0x00000000c3f00000, 0x00000000c3f00000| Untracked 
|  64|0x00000000c4000000, 0x00000000c4000000, 0x00000000c4100000|  0%| F|  |TAMS 0x00000000c4000000, 0x00000000c4000000| Untracked 
|  65|0x00000000c4100000, 0x00000000c4100000, 0x00000000c4200000|  0%| F|  |TAMS 0x00000000c4100000, 0x00000000c4100000| Untracked 
|  66|0x00000000c4200000, 0x00000000c4200000, 0x00000000c4300000|  0%| F|  |TAMS 0x00000000c4200000, 0x00000000c4200000| Untracked 
|  67|0x00000000c4300000, 0x00000000c4300000, 0x00000000c4400000|  0%| F|  |TAMS 0x00000000c4300000, 0x00000000c4300000| Untracked 
|  68|0x00000000c4400000, 0x00000000c4500000, 0x00000000c4500000|100%| E|  |TAMS 0x00000000c4400000, 0x00000000c4400000| Complete 
|  69|0x00000000c4500000, 0x00000000c4600000, 0x00000000c4600000|100%| E|CS|TAMS 0x00000000c4500000, 0x00000000c4500000| Complete 
|  70|0x00000000c4600000, 0x00000000c4700000, 0x00000000c4700000|100%| E|CS|TAMS 0x00000000c4600000, 0x00000000c4600000| Complete 
|  71|0x00000000c4700000, 0x00000000c4800000, 0x00000000c4800000|100%| E|CS|TAMS 0x00000000c4700000, 0x00000000c4700000| Complete 
|  72|0x00000000c4800000, 0x00000000c4900000, 0x00000000c4900000|100%| E|CS|TAMS 0x00000000c4800000, 0x00000000c4800000| Complete 
|  73|0x00000000c4900000, 0x00000000c4a00000, 0x00000000c4a00000|100%| E|CS|TAMS 0x00000000c4900000, 0x00000000c4900000| Complete 
|  74|0x00000000c4a00000, 0x00000000c4b00000, 0x00000000c4b00000|100%| E|CS|TAMS 0x00000000c4a00000, 0x00000000c4a00000| Complete 
|  75|0x00000000c4b00000, 0x00000000c4c00000, 0x00000000c4c00000|100%| E|CS|TAMS 0x00000000c4b00000, 0x00000000c4b00000| Complete 
|  76|0x00000000c4c00000, 0x00000000c4d00000, 0x00000000c4d00000|100%| E|CS|TAMS 0x00000000c4c00000, 0x00000000c4c00000| Complete 
|  77|0x00000000c4d00000, 0x00000000c4e00000, 0x00000000c4e00000|100%| E|CS|TAMS 0x00000000c4d00000, 0x00000000c4d00000| Complete 
|  78|0x00000000c4e00000, 0x00000000c4f00000, 0x00000000c4f00000|100%| E|CS|TAMS 0x00000000c4e00000, 0x00000000c4e00000| Complete 
|  79|0x00000000c4f00000, 0x00000000c5000000, 0x00000000c5000000|100%| E|CS|TAMS 0x00000000c4f00000, 0x00000000c4f00000| Complete 
|  80|0x00000000c5000000, 0x00000000c5100000, 0x00000000c5100000|100%| E|CS|TAMS 0x00000000c5000000, 0x00000000c5000000| Complete 
|  81|0x00000000c5100000, 0x00000000c5200000, 0x00000000c5200000|100%| E|CS|TAMS 0x00000000c5100000, 0x00000000c5100000| Complete 
|  82|0x00000000c5200000, 0x00000000c5300000, 0x00000000c5300000|100%| E|CS|TAMS 0x00000000c5200000, 0x00000000c5200000| Complete 
|  83|0x00000000c5300000, 0x00000000c5400000, 0x00000000c5400000|100%| E|CS|TAMS 0x00000000c5300000, 0x00000000c5300000| Complete 
|  84|0x00000000c5400000, 0x00000000c5500000, 0x00000000c5500000|100%| E|CS|TAMS 0x00000000c5400000, 0x00000000c5400000| Complete 
|  85|0x00000000c5500000, 0x00000000c5600000, 0x00000000c5600000|100%| E|CS|TAMS 0x00000000c5500000, 0x00000000c5500000| Complete 
|  86|0x00000000c5600000, 0x00000000c5700000, 0x00000000c5700000|100%| E|CS|TAMS 0x00000000c5600000, 0x00000000c5600000| Complete 
|  87|0x00000000c5700000, 0x00000000c5800000, 0x00000000c5800000|100%| E|CS|TAMS 0x00000000c5700000, 0x00000000c5700000| Complete 
|  88|0x00000000c5800000, 0x00000000c5900000, 0x00000000c5900000|100%| E|CS|TAMS 0x00000000c5800000, 0x00000000c5800000| Complete 
|  89|0x00000000c5900000, 0x00000000c5a00000, 0x00000000c5a00000|100%| E|CS|TAMS 0x00000000c5900000, 0x00000000c5900000| Complete 
|  90|0x00000000c5a00000, 0x00000000c5b00000, 0x00000000c5b00000|100%| E|CS|TAMS 0x00000000c5a00000, 0x00000000c5a00000| Complete 
|  91|0x00000000c5b00000, 0x00000000c5c00000, 0x00000000c5c00000|100%| E|CS|TAMS 0x00000000c5b00000, 0x00000000c5b00000| Complete 
|  92|0x00000000c5c00000, 0x00000000c5d00000, 0x00000000c5d00000|100%| E|CS|TAMS 0x00000000c5c00000, 0x00000000c5c00000| Complete 
|  93|0x00000000c5d00000, 0x00000000c5e00000, 0x00000000c5e00000|100%| E|CS|TAMS 0x00000000c5d00000, 0x00000000c5d00000| Complete 
|  94|0x00000000c5e00000, 0x00000000c5f00000, 0x00000000c5f00000|100%| E|CS|TAMS 0x00000000c5e00000, 0x00000000c5e00000| Complete 
|  95|0x00000000c5f00000, 0x00000000c6000000, 0x00000000c6000000|100%| E|CS|TAMS 0x00000000c5f00000, 0x00000000c5f00000| Complete 
|  96|0x00000000c6000000, 0x00000000c6100000, 0x00000000c6100000|100%| E|CS|TAMS 0x00000000c6000000, 0x00000000c6000000| Complete 
|  97|0x00000000c6100000, 0x00000000c6200000, 0x00000000c6200000|100%| E|CS|TAMS 0x00000000c6100000, 0x00000000c6100000| Complete 
|  98|0x00000000c6200000, 0x00000000c6300000, 0x00000000c6300000|100%| E|CS|TAMS 0x00000000c6200000, 0x00000000c6200000| Complete 
|  99|0x00000000c6300000, 0x00000000c6400000, 0x00000000c6400000|100%| E|CS|TAMS 0x00000000c6300000, 0x00000000c6300000| Complete 
| 100|0x00000000c6400000, 0x00000000c6500000, 0x00000000c6500000|100%| E|CS|TAMS 0x00000000c6400000, 0x00000000c6400000| Complete 

Card table byte_map: [0x00000274ef230000,0x00000274ef430000] _byte_map_base: 0x00000274eec30000

Marking Bits (Prev, Next): (CMBitMap*) 0x00000274da8601f0, (CMBitMap*) 0x00000274da8601b0
 Prev Bits: [0x00000274f0630000, 0x00000274f1630000)
 Next Bits: [0x00000274ef630000, 0x00000274f0630000)

Polling page: 0x00000274da620000

Metaspace:

Usage:
  Non-class:     56.49 MB capacity,    56.15 MB (>99%) used,   272.76 KB ( <1%) free+waste,    81.62 KB ( <1%) overhead. 
      Class:      8.08 MB capacity,     7.92 MB ( 98%) used,   139.78 KB (  2%) free+waste,    29.44 KB ( <1%) overhead. 
       Both:     64.57 MB capacity,    64.06 MB (>99%) used,   412.54 KB ( <1%) free+waste,   111.06 KB ( <1%) overhead. 

Virtual space:
  Non-class space:       58.00 MB reserved,      56.50 MB ( 97%) committed 
      Class space:        1.00 GB reserved,       8.20 MB ( <1%) committed 
             Both:        1.06 GB reserved,      64.70 MB (  6%) committed 

Chunk freelists:
   Non-Class:  9.00 KB
       Class:  12.00 KB
        Both:  21.00 KB

MaxMetaspaceSize: 17179869184.00 GB
CompressedClassSpaceSize: 1.00 GB

CodeHeap 'non-profiled nmethods': size=120000Kb used=2473Kb max_used=2473Kb free=117526Kb
 bounds [0x00000274e74d0000, 0x00000274e7740000, 0x00000274eea00000]
CodeHeap 'profiled nmethods': size=120000Kb used=10224Kb max_used=10224Kb free=109776Kb
 bounds [0x00000274dffa0000, 0x00000274e09a0000, 0x00000274e74d0000]
CodeHeap 'non-nmethods': size=5760Kb used=1385Kb max_used=1469Kb free=4374Kb
 bounds [0x00000274dfa00000, 0x00000274dfc70000, 0x00000274dffa0000]
 total_blobs=5761 nmethods=5168 adapters=506
 compilation: enabled
              stopped_count=0, restarted_count=0
 full_count=0

Compilation events (20 events):
Event: 16000.797 Thread 0x00000274f3c88c10 5265       3       java.util.concurrent.ScheduledThreadPoolExecutor$DelayedWorkQueue::take (5 bytes)
Event: 16000.798 Thread 0x00000274f3c88c10 nmethod 5265 0x00000274e0992890 code [0x00000274e0992a40, 0x00000274e0992b88]
Event: 16000.798 Thread 0x00000274f3c88c10 5266   !   3       java.util.concurrent.ScheduledThreadPoolExecutor$DelayedWorkQueue::take (203 bytes)
Event: 16000.803 Thread 0x00000274f3c88c10 nmethod 5266 0x00000274e0992c10 code [0x00000274e0992fe0, 0x00000274e0994848]
Event: 16030.812 Thread 0x00000274f3c88c10 5267       3       java.util.concurrent.ScheduledThreadPoolExecutor$DelayedWorkQueue::siftDown (119 bytes)
Event: 16030.813 Thread 0x00000274f3c88c10 nmethod 5267 0x00000274e0995410 code [0x00000274e0995680, 0x00000274e09965f8]
Event: 16030.813 Thread 0x00000274f3c88c10 5268       3       java.util.concurrent.ScheduledThreadPoolExecutor$ScheduledFutureTask::run (57 bytes)
Event: 16030.814 Thread 0x00000274f3c88c10 nmethod 5268 0x00000274e0996b10 code [0x00000274e0996d20, 0x00000274e0997178]
Event: 16030.814 Thread 0x00000274f3c88c10 5269       3       java.util.concurrent.Executors$RunnableAdapter::call (14 bytes)
Event: 16030.814 Thread 0x00000274f3c88c10 nmethod 5269 0x00000274e0997310 code [0x00000274e09974c0, 0x00000274e0997688]
Event: 16240.876 Thread 0x00000274f3c88c10 5270   !   3       java.util.concurrent.ThreadPoolExecutor::getTask (177 bytes)
Event: 16240.880 Thread 0x00000274f3c88c10 nmethod 5270 0x00000274e0997790 code [0x00000274e0997a20, 0x00000274e0998878]
Event: 16270.889 Thread 0x00000274f3c88c10 5271       3       java.util.concurrent.ThreadPoolExecutor::beforeExecute (1 bytes)
Event: 16270.890 Thread 0x00000274f3c88c10 nmethod 5271 0x00000274e0998d10 code [0x00000274e0998ea0, 0x00000274e0998f98]
Event: 16270.890 Thread 0x00000274f3c88c10 5272       3       java.util.concurrent.ThreadPoolExecutor::afterExecute (1 bytes)
Event: 16270.890 Thread 0x00000274f3c88c10 nmethod 5272 0x00000274e0999010 code [0x00000274e09991a0, 0x00000274e0999298]
Event: 16330.915 Thread 0x00000274f3c88c10 5273       3       java.util.concurrent.ThreadPoolExecutor$Worker::tryAcquire (20 bytes)
Event: 16330.916 Thread 0x00000274f3c88c10 nmethod 5273 0x00000274e0999310 code [0x00000274e09994c0, 0x00000274e09996e8]
Event: 16600.992 Thread 0x00000274f3c88c10 5274   !   3       java.util.concurrent.locks.AbstractQueuedSynchronizer::acquire (407 bytes)
Event: 16601.000 Thread 0x00000274f3c88c10 nmethod 5274 0x00000274e0999790 code [0x00000274e0999b20, 0x00000274e099b578]

GC Heap History (20 events):
Event: 4.624 GC heap before
{Heap before GC invocations=13 (full 0):
 garbage-first heap   total 59392K, used 33358K [0x00000000c0000000, 0x0000000100000000)
  region size 1024K, 23 young (23552K), 3 survivors (3072K)
 Metaspace       used 35438K, capacity 35769K, committed 35840K, reserved 1081344K
  class space    used 3957K, capacity 4072K, committed 4096K, reserved 1048576K
}
Event: 4.631 GC heap after
{Heap after GC invocations=14 (full 0):
 garbage-first heap   total 59392K, used 14545K [0x00000000c0000000, 0x0000000100000000)
  region size 1024K, 3 young (3072K), 3 survivors (3072K)
 Metaspace       used 35438K, capacity 35769K, committed 35840K, reserved 1081344K
  class space    used 3957K, capacity 4072K, committed 4096K, reserved 1048576K
}
Event: 5.239 GC heap before
{Heap before GC invocations=15 (full 0):
 garbage-first heap   total 59392K, used 46289K [0x00000000c0000000, 0x0000000100000000)
  region size 1024K, 34 young (34816K), 3 survivors (3072K)
 Metaspace       used 38241K, capacity 38627K, committed 38784K, reserved 1083392K
  class space    used 4307K, capacity 4442K, committed 4480K, reserved 1048576K
}
Event: 5.246 GC heap after
{Heap after GC invocations=16 (full 0):
 garbage-first heap   total 71680K, used 16511K [0x00000000c0000000, 0x0000000100000000)
  region size 1024K, 5 young (5120K), 5 survivors (5120K)
 Metaspace       used 38241K, capacity 38627K, committed 38784K, reserved 1083392K
  class space    used 4307K, capacity 4442K, committed 4480K, reserved 1048576K
}
Event: 5.714 GC heap before
{Heap before GC invocations=16 (full 0):
 garbage-first heap   total 71680K, used 54399K [0x00000000c0000000, 0x0000000100000000)
  region size 1024K, 42 young (43008K), 5 survivors (5120K)
 Metaspace       used 42491K, capacity 42825K, committed 43008K, reserved 1087488K
  class space    used 4755K, capacity 4860K, committed 4864K, reserved 1048576K
}
Event: 5.723 GC heap after
{Heap after GC invocations=17 (full 0):
 garbage-first heap   total 71680K, used 17617K [0x00000000c0000000, 0x0000000100000000)
  region size 1024K, 4 young (4096K), 4 survivors (4096K)
 Metaspace       used 42491K, capacity 42825K, committed 43008K, reserved 1087488K
  class space    used 4755K, capacity 4860K, committed 4864K, reserved 1048576K
}
Event: 6.457 GC heap before
{Heap before GC invocations=17 (full 0):
 garbage-first heap   total 71680K, used 56529K [0x00000000c0000000, 0x0000000100000000)
  region size 1024K, 42 young (43008K), 4 survivors (4096K)
 Metaspace       used 45917K, capacity 46273K, committed 46464K, reserved 1089536K
  class space    used 5255K, capacity 5408K, committed 5504K, reserved 1048576K
}
Event: 6.465 GC heap after
{Heap after GC invocations=18 (full 0):
 garbage-first heap   total 71680K, used 18900K [0x00000000c0000000, 0x0000000100000000)
  region size 1024K, 5 young (5120K), 5 survivors (5120K)
 Metaspace       used 45917K, capacity 46273K, committed 46464K, reserved 1089536K
  class space    used 5255K, capacity 5408K, committed 5504K, reserved 1048576K
}
Event: 6.963 GC heap before
{Heap before GC invocations=18 (full 0):
 garbage-first heap   total 71680K, used 56788K [0x00000000c0000000, 0x0000000100000000)
  region size 1024K, 42 young (43008K), 5 survivors (5120K)
 Metaspace       used 49804K, capacity 50212K, committed 50432K, reserved 1093632K
  class space    used 5888K, capacity 6017K, committed 6144K, reserved 1048576K
}
Event: 6.971 GC heap after
{Heap after GC invocations=19 (full 0):
 garbage-first heap   total 71680K, used 19300K [0x00000000c0000000, 0x0000000100000000)
  region size 1024K, 3 young (3072K), 3 survivors (3072K)
 Metaspace       used 49804K, capacity 50212K, committed 50432K, reserved 1093632K
  class space    used 5888K, capacity 6017K, committed 6144K, reserved 1048576K
}
Event: 7.637 GC heap before
{Heap before GC invocations=19 (full 0):
 garbage-first heap   total 71680K, used 59236K [0x00000000c0000000, 0x0000000100000000)
  region size 1024K, 42 young (43008K), 3 survivors (3072K)
 Metaspace       used 53826K, capacity 54215K, committed 54528K, reserved 1097728K
  class space    used 6433K, capacity 6562K, committed 6656K, reserved 1048576K
}
Event: 7.645 GC heap after
{Heap after GC invocations=20 (full 0):
 garbage-first heap   total 86016K, used 19975K [0x00000000c0000000, 0x0000000100000000)
  region size 1024K, 4 young (4096K), 4 survivors (4096K)
 Metaspace       used 53826K, capacity 54215K, committed 54528K, reserved 1097728K
  class space    used 6433K, capacity 6562K, committed 6656K, reserved 1048576K
}
Event: 8.649 GC heap before
{Heap before GC invocations=20 (full 0):
 garbage-first heap   total 86016K, used 67079K [0x00000000c0000000, 0x0000000100000000)
  region size 1024K, 50 young (51200K), 4 survivors (4096K)
 Metaspace       used 57771K, capacity 58184K, committed 58368K, reserved 1099776K
  class space    used 6992K, capacity 7116K, committed 7168K, reserved 1048576K
}
Event: 8.658 GC heap after
{Heap after GC invocations=21 (full 0):
 garbage-first heap   total 86016K, used 21422K [0x00000000c0000000, 0x0000000100000000)
  region size 1024K, 5 young (5120K), 5 survivors (5120K)
 Metaspace       used 57771K, capacity 58184K, committed 58368K, reserved 1099776K
  class space    used 6992K, capacity 7116K, committed 7168K, reserved 1048576K
}
Event: 8.952 GC heap before
{Heap before GC invocations=21 (full 0):
 garbage-first heap   total 86016K, used 40878K [0x00000000c0000000, 0x0000000100000000)
  region size 1024K, 25 young (25600K), 5 survivors (5120K)
 Metaspace       used 59702K, capacity 60107K, committed 60160K, reserved 1101824K
  class space    used 7248K, capacity 7373K, committed 7424K, reserved 1048576K
}
Event: 8.961 GC heap after
{Heap after GC invocations=22 (full 0):
 garbage-first heap   total 86016K, used 22356K [0x00000000c0000000, 0x0000000100000000)
  region size 1024K, 4 young (4096K), 4 survivors (4096K)
 Metaspace       used 59702K, capacity 60107K, committed 60160K, reserved 1101824K
  class space    used 7248K, capacity 7373K, committed 7424K, reserved 1048576K
}
Event: 9.828 GC heap before
{Heap before GC invocations=23 (full 0):
 garbage-first heap   total 86016K, used 69460K [0x00000000c0000000, 0x0000000100000000)
  region size 1024K, 50 young (51200K), 4 survivors (4096K)
 Metaspace       used 62021K, capacity 62455K, committed 62668K, reserved 1103872K
  class space    used 7607K, capacity 7769K, committed 7884K, reserved 1048576K
}
Event: 9.840 GC heap after
{Heap after GC invocations=24 (full 0):
 garbage-first heap   total 86016K, used 25861K [0x00000000c0000000, 0x0000000100000000)
  region size 1024K, 7 young (7168K), 7 survivors (7168K)
 Metaspace       used 62021K, capacity 62455K, committed 62668K, reserved 1103872K
  class space    used 7607K, capacity 7769K, committed 7884K, reserved 1048576K
}
Event: 10.708 GC heap before
{Heap before GC invocations=24 (full 0):
 garbage-first heap   total 86016K, used 67845K [0x00000000c0000000, 0x0000000100000000)
  region size 1024K, 48 young (49152K), 7 survivors (7168K)
 Metaspace       used 63997K, capacity 64475K, committed 64716K, reserved 1105920K
  class space    used 7862K, capacity 8010K, committed 8140K, reserved 1048576K
}
Event: 10.721 GC heap after
{Heap after GC invocations=25 (full 0):
 garbage-first heap   total 103424K, used 27448K [0x00000000c0000000, 0x0000000100000000)
  region size 1024K, 3 young (3072K), 3 survivors (3072K)
 Metaspace       used 63997K, capacity 64475K, committed 64716K, reserved 1105920K
  class space    used 7862K, capacity 8010K, committed 8140K, reserved 1048576K
}

Deoptimization events (20 events):
Event: 11.043 Thread 0x00000274da8307c0 DEOPT PACKING pc=0x00000274e039a8ec sp=0x000000803d7fb100
Event: 11.043 Thread 0x00000274da8307c0 DEOPT UNPACKING pc=0x00000274dfa4df30 sp=0x000000803d7fa5d0 mode 1
Event: 11.046 Thread 0x00000274da8307c0 DEOPT PACKING pc=0x00000274e012c7e4 sp=0x000000803d7fc890
Event: 11.046 Thread 0x00000274da8307c0 DEOPT UNPACKING pc=0x00000274dfa4df30 sp=0x000000803d7fbd28 mode 1
Event: 11.046 Thread 0x00000274da8307c0 DEOPT PACKING pc=0x00000274e011c5d4 sp=0x000000803d7fc960
Event: 11.046 Thread 0x00000274da8307c0 DEOPT UNPACKING pc=0x00000274dfa4df30 sp=0x000000803d7fbe18 mode 1
Event: 11.046 Thread 0x00000274da8307c0 DEOPT PACKING pc=0x00000274e02198a4 sp=0x000000803d7fd370
Event: 11.046 Thread 0x00000274da8307c0 DEOPT UNPACKING pc=0x00000274dfa4df30 sp=0x000000803d7fc848 mode 1
Event: 11.046 Thread 0x00000274da8307c0 DEOPT PACKING pc=0x00000274e04cd49c sp=0x000000803d7fd410
Event: 11.046 Thread 0x00000274da8307c0 DEOPT UNPACKING pc=0x00000274dfa4df30 sp=0x000000803d7fc978 mode 1
Event: 11.047 Thread 0x00000274da8307c0 DEOPT PACKING pc=0x00000274e012c7e4 sp=0x000000803d7fc910
Event: 11.047 Thread 0x00000274da8307c0 DEOPT UNPACKING pc=0x00000274dfa4df30 sp=0x000000803d7fbda8 mode 1
Event: 11.047 Thread 0x00000274da8307c0 DEOPT PACKING pc=0x00000274e011c5d4 sp=0x000000803d7fc9e0
Event: 11.047 Thread 0x00000274da8307c0 DEOPT UNPACKING pc=0x00000274dfa4df30 sp=0x000000803d7fbe98 mode 1
Event: 11.047 Thread 0x00000274da8307c0 DEOPT PACKING pc=0x00000274e02198a4 sp=0x000000803d7fd3f0
Event: 11.047 Thread 0x00000274da8307c0 DEOPT UNPACKING pc=0x00000274dfa4df30 sp=0x000000803d7fc8e0 mode 1
Event: 11.054 Thread 0x00000274da8307c0 Uncommon trap: trap_request=0xffffffde fr.pc=0x00000274e7618960 relative=0x00000000000000c0
Event: 11.054 Thread 0x00000274da8307c0 Uncommon trap: reason=class_check action=maybe_recompile pc=0x00000274e7618960 method=java.lang.Character.toLowerCase(I)I @ 5 c2
Event: 11.054 Thread 0x00000274da8307c0 DEOPT PACKING pc=0x00000274e7618960 sp=0x000000803d7fb9d0
Event: 11.054 Thread 0x00000274da8307c0 DEOPT UNPACKING pc=0x00000274dfa4e129 sp=0x000000803d7fb978 mode 2

Classes unloaded (0 events):
No events

Classes redefined (20 events):
Event: 14611.360 Thread 0x00000274f3c322b0 redefined class name=com.todoapplication.api.TaskControllerTest, count=14
Event: 14636.484 Thread 0x00000274f3c322b0 redefined class name=com.todoapplication.api.TaskControllerTest, count=15
Event: 14658.939 Thread 0x00000274f3c322b0 redefined class name=com.todoapplication.api.TaskControllerTest, count=16
Event: 14683.766 Thread 0x00000274f3c322b0 redefined class name=com.todoapplication.api.TaskControllerTest, count=17
Event: 14755.965 Thread 0x00000274f3c322b0 redefined class name=com.todoapplication.api.TaskControllerTest, count=18
Event: 14923.671 Thread 0x00000274f3c322b0 redefined class name=com.todoapplication.api.TaskControllerTest, count=19
Event: 15033.723 Thread 0x00000274f3c322b0 redefined class name=com.todoapplication.api.TaskControllerTest, count=20
Event: 15084.050 Thread 0x00000274f3c322b0 redefined class name=com.todoapplication.api.TaskControllerTest, count=21
Event: 15096.668 Thread 0x00000274f3c322b0 redefined class name=com.todoapplication.api.TaskControllerTest, count=22
Event: 15443.915 Thread 0x00000274f3c322b0 redefined class name=com.todoapplication.api.TaskControllerTest, count=23
Event: 15503.243 Thread 0x00000274f3c322b0 redefined class name=com.todoapplication.api.TaskControllerTest, count=24
Event: 15562.169 Thread 0x00000274f3c322b0 redefined class name=com.todoapplication.api.TaskControllerTest, count=25
Event: 15600.685 Thread 0x00000274f3c322b0 redefined class name=com.todoapplication.api.TaskControllerTest, count=26
Event: 15711.685 Thread 0x00000274f3c322b0 redefined class name=com.todoapplication.api.TaskControllerTest, count=27
Event: 15803.475 Thread 0x00000274f3c322b0 redefined class name=com.todoapplication.api.TaskControllerTest, count=28
Event: 15829.513 Thread 0x00000274f3c322b0 redefined class name=com.todoapplication.api.TaskControllerTest, count=29
Event: 15877.457 Thread 0x00000274f3c322b0 redefined class name=com.todoapplication.api.TaskControllerTest, count=30
Event: 15913.558 Thread 0x00000274f3c322b0 redefined class name=com.todoapplication.api.TaskControllerTest, count=31
Event: 16059.385 Thread 0x00000274f3c322b0 redefined class name=com.todoapplication.api.TaskControllerTest, count=32
Event: 16078.686 Thread 0x00000274f3c322b0 redefined class name=com.todoapplication.api.TaskControllerTest, count=33

Internal exceptions (20 events):
Event: 10.575 Thread 0x00000274da8307c0 Exception <a 'java/lang/ClassNotFoundException'{0x00000000c3172ea8}: org/springframework/web/multipart/MultipartResolverCustomizer> (0x00000000c3172ea8) 
thrown [./open/src/hotspot/share/classfile/systemDictionary.cpp, line 295]
Event: 10.577 Thread 0x00000274da8307c0 Exception <a 'java/lang/ClassNotFoundException'{0x00000000c3180ea8}: java/lang/ObjectCustomizer> (0x00000000c3180ea8) 
thrown [./open/src/hotspot/share/classfile/systemDictionary.cpp, line 295]
Event: 10.578 Thread 0x00000274da8307c0 Exception <a 'java/lang/ClassNotFoundException'{0x00000000c318b860}: org/springframework/boot/test/autoconfigure/web/servlet/MockMvcAutoConfigurationCustomizer> (0x00000000c318b860) 
thrown [./open/src/hotspot/share/classfile/systemDictionary.cpp, line 295]
Event: 10.581 Thread 0x00000274da8307c0 Exception <a 'java/lang/ClassNotFoundException'{0x00000000c31a52c8}: java/lang/ObjectCustomizer> (0x00000000c31a52c8) 
thrown [./open/src/hotspot/share/classfile/systemDictionary.cpp, line 295]
Event: 10.582 Thread 0x00000274da8307c0 Exception <a 'java/lang/ClassNotFoundException'{0x00000000c31affa0}: org/springframework/boot/test/autoconfigure/web/servlet/SpringBootMockMvcBuilderCustomizerCustomizer> (0x00000000c31affa0) 
thrown [./open/src/hotspot/share/classfile/systemDictionary.cpp, line 295]
Event: 10.583 Thread 0x00000274da8307c0 Exception <a 'java/lang/ClassNotFoundException'{0x00000000c31bf3b8}: org/springframework/boot/test/autoconfigure/web/servlet/MockMvcBuilderCustomizerCustomizer> (0x00000000c31bf3b8) 
thrown [./open/src/hotspot/share/classfile/systemDictionary.cpp, line 295]
Event: 10.601 Thread 0x00000274da8307c0 Exception <a 'java/lang/ClassNotFoundException'{0x00000000c30bb878}: java/lang/ObjectCustomizer> (0x00000000c30bb878) 
thrown [./open/src/hotspot/share/classfile/systemDictionary.cpp, line 295]
Event: 10.602 Thread 0x00000274da8307c0 Exception <a 'java/lang/ClassNotFoundException'{0x00000000c30c5a90}: org/springframework/test/web/servlet/MockMvcBuilderSupportCustomizer> (0x00000000c30c5a90) 
thrown [./open/src/hotspot/share/classfile/systemDictionary.cpp, line 295]
Event: 10.603 Thread 0x00000274da8307c0 Exception <a 'java/lang/ClassNotFoundException'{0x00000000c30cda68}: org/springframework/test/web/servlet/setup/AbstractMockMvcBuilderCustomizer> (0x00000000c30cda68) 
thrown [./open/src/hotspot/share/classfile/systemDictionary.cpp, line 295]
Event: 10.604 Thread 0x00000274da8307c0 Exception <a 'java/lang/ClassNotFoundException'{0x00000000c30e9be0}: org/springframework/test/web/servlet/setup/DefaultMockMvcBuilderCustomizer> (0x00000000c30e9be0) 
thrown [./open/src/hotspot/share/classfile/systemDictionary.cpp, line 295]
Event: 10.605 Thread 0x00000274da8307c0 Exception <a 'java/lang/ClassNotFoundException'{0x00000000c30f4990}: org/springframework/test/web/servlet/setup/ConfigurableMockMvcBuilderCustomizer> (0x00000000c30f4990) 
thrown [./open/src/hotspot/share/classfile/systemDictionary.cpp, line 295]
Event: 10.606 Thread 0x00000274da8307c0 Exception <a 'java/lang/ClassNotFoundException'{0x00000000c2f058e8}: org/springframework/test/web/servlet/MockMvcBuilderCustomizer> (0x00000000c2f058e8) 
thrown [./open/src/hotspot/share/classfile/systemDictionary.cpp, line 295]
Event: 10.616 Thread 0x00000274da8307c0 Exception <a 'java/lang/ClassNotFoundException'{0x00000000c2f7c538}: java/lang/ObjectCustomizer> (0x00000000c2f7c538) 
thrown [./open/src/hotspot/share/classfile/systemDictionary.cpp, line 295]
Event: 10.617 Thread 0x00000274da8307c0 Exception <a 'java/lang/ClassNotFoundException'{0x00000000c2f86510}: org/springframework/test/web/servlet/MockMvcCustomizer> (0x00000000c2f86510) 
thrown [./open/src/hotspot/share/classfile/systemDictionary.cpp, line 295]
Event: 10.666 Thread 0x00000274da8307c0 Exception <a 'java/lang/ClassNotFoundException'{0x00000000c2dbcd30}: java/lang/ObjectCustomizer> (0x00000000c2dbcd30) 
thrown [./open/src/hotspot/share/classfile/systemDictionary.cpp, line 295]
Event: 10.668 Thread 0x00000274da8307c0 Exception <a 'java/lang/ClassNotFoundException'{0x00000000c2dc61b0}: com/todoapplication/api/TaskControllerTestCustomizer> (0x00000000c2dc61b0) 
thrown [./open/src/hotspot/share/classfile/systemDictionary.cpp, line 295]
Event: 10.682 Thread 0x00000274da8307c0 Exception <a 'java/lang/NoSuchMethodError'{0x00000000c2c2b5f0}: 'java.lang.Object java.lang.invoke.DirectMethodHandle$Holder.newInvokeSpecial(java.lang.Object, java.lang.Object, java.lang.Object, java.lang.Object, int)'> (0x00000000c2c2b5f0) 
thrown [./open/src/hotspot/share/interpreter/linkResolver.cpp, line 782]
Event: 10.683 Thread 0x00000274da8307c0 Exception <a 'java/lang/NoSuchMethodError'{0x00000000c2c2fbf0}: 'java.lang.Object java.lang.invoke.DirectMethodHandle$Holder.invokeSpecial(java.lang.Object, java.lang.Object, java.lang.Object, java.lang.Object, java.lang.Object, int)'> (0x00000000c2c2fbf0) 
thrown [./open/src/hotspot/share/interpreter/linkResolver.cpp, line 782]
Event: 10.683 Thread 0x00000274da8307c0 Exception <a 'java/lang/NoSuchMethodError'{0x00000000c2c33b80}: 'java.lang.Object java.lang.invoke.Invokers$Holder.linkToTargetMethod(java.lang.Object, java.lang.Object, java.lang.Object, int, java.lang.Object)'> (0x00000000c2c33b80) 
thrown [./open/src/hotspot/share/interpreter/linkResolver.cpp, line 782]
Event: 11.007 Thread 0x00000274da8307c0 Exception <a 'java/lang/ClassNotFoundException'{0x00000000c570b1f0}: java/lang/ClassLoader$ByteBuddyAccessor$L4orx8eb> (0x00000000c570b1f0) 
thrown [./open/src/hotspot/share/classfile/systemDictionary.cpp, line 295]

Events (20 events):
Event: 16733.016 Executing VM operation: get/set locals
Event: 16733.016 Executing VM operation: get/set locals done
Event: 16733.017 Executing VM operation: GetFrameLocation
Event: 16733.017 Executing VM operation: GetFrameLocation done
Event: 16733.017 Executing VM operation: get/set locals
Event: 16733.017 Executing VM operation: get/set locals done
Event: 16733.017 Executing VM operation: GetFrameLocation
Event: 16733.017 Executing VM operation: GetFrameLocation done
Event: 16733.018 Executing VM operation: get/set locals
Event: 16733.018 Executing VM operation: get/set locals done
Event: 16733.018 Executing VM operation: GetFrameLocation
Event: 16733.018 Executing VM operation: GetFrameLocation done
Event: 16733.018 Executing VM operation: get/set locals
Event: 16733.018 Executing VM operation: get/set locals done
Event: 16733.019 Executing VM operation: GetFrameLocation
Event: 16733.019 Executing VM operation: GetFrameLocation done
Event: 16733.019 Executing VM operation: get/set locals
Event: 16733.019 Executing VM operation: get/set locals done
Event: 16733.198 Executing VM operation: GetFrameLocation
Event: 16733.198 Executing VM operation: GetFrameLocation done


Dynamic libraries:
0x00007ff7e66a0000 - 0x00007ff7e66ad000 	C:\eclipse\plugins\org.eclipse.justj.openjdk.hotspot.jre.full.win32.x86_64_15.0.1.v20201027-0507\jre\bin\javaw.exe
0x00007ffe62570000 - 0x00007ffe62765000 	C:\Windows\SYSTEM32\ntdll.dll
0x00007ffe615a0000 - 0x00007ffe6165e000 	C:\Windows\System32\KERNEL32.DLL
0x00007ffe5fd40000 - 0x00007ffe60009000 	C:\Windows\System32\KERNELBASE.dll
0x00007ffe603e0000 - 0x00007ffe604e0000 	C:\Windows\System32\ucrtbase.dll
0x00007ffe3a130000 - 0x00007ffe3a148000 	C:\eclipse\plugins\org.eclipse.justj.openjdk.hotspot.jre.full.win32.x86_64_15.0.1.v20201027-0507\jre\bin\jli.dll
0x00007ffe2bbf0000 - 0x00007ffe2bc09000 	C:\eclipse\plugins\org.eclipse.justj.openjdk.hotspot.jre.full.win32.x86_64_15.0.1.v20201027-0507\jre\bin\VCRUNTIME140.dll
0x00007ffe61080000 - 0x00007ffe61221000 	C:\Windows\System32\USER32.dll
0x00007ffe58dc0000 - 0x00007ffe5905a000 	C:\Windows\WinSxS\amd64_microsoft.windows.common-controls_6595b64144ccf1df_6.0.19041.1110_none_60b5254171f9507e\COMCTL32.dll
0x00007ffe604e0000 - 0x00007ffe60502000 	C:\Windows\System32\win32u.dll
0x00007ffe60fe0000 - 0x00007ffe6107e000 	C:\Windows\System32\msvcrt.dll
0x00007ffe62490000 - 0x00007ffe624bb000 	C:\Windows\System32\GDI32.dll
0x00007ffe60170000 - 0x00007ffe6027b000 	C:\Windows\System32\gdi32full.dll
0x00007ffe600d0000 - 0x00007ffe6016d000 	C:\Windows\System32\msvcp_win.dll
0x00007ffe61670000 - 0x00007ffe616a0000 	C:\Windows\System32\IMM32.DLL
0x00007ffe45350000 - 0x00007ffe4535c000 	C:\eclipse\plugins\org.eclipse.justj.openjdk.hotspot.jre.full.win32.x86_64_15.0.1.v20201027-0507\jre\bin\vcruntime140_1.dll
0x00007ffe2bb50000 - 0x00007ffe2bbe1000 	C:\eclipse\plugins\org.eclipse.justj.openjdk.hotspot.jre.full.win32.x86_64_15.0.1.v20201027-0507\jre\bin\msvcp140.dll
0x00007ffe31850000 - 0x00007ffe323ae000 	C:\eclipse\plugins\org.eclipse.justj.openjdk.hotspot.jre.full.win32.x86_64_15.0.1.v20201027-0507\jre\bin\server\jvm.dll
0x00007ffe617a0000 - 0x00007ffe6184c000 	C:\Windows\System32\ADVAPI32.dll
0x00007ffe616a0000 - 0x00007ffe6173b000 	C:\Windows\System32\sechost.dll
0x00007ffe60670000 - 0x00007ffe6079a000 	C:\Windows\System32\RPCRT4.dll
0x00007ffe62480000 - 0x00007ffe62488000 	C:\Windows\System32\PSAPI.DLL
0x00007ffe4be40000 - 0x00007ffe4be49000 	C:\Windows\SYSTEM32\WSOCK32.dll
0x00007ffe59060000 - 0x00007ffe5906a000 	C:\Windows\SYSTEM32\VERSION.dll
0x00007ffe61230000 - 0x00007ffe6129b000 	C:\Windows\System32\WS2_32.dll
0x00007ffe58d90000 - 0x00007ffe58db7000 	C:\Windows\SYSTEM32\WINMM.dll
0x00007ffe5e780000 - 0x00007ffe5e792000 	C:\Windows\SYSTEM32\kernel.appcore.dll
0x00007ffe46f90000 - 0x00007ffe46f9a000 	C:\eclipse\plugins\org.eclipse.justj.openjdk.hotspot.jre.full.win32.x86_64_15.0.1.v20201027-0507\jre\bin\jimage.dll
0x00007ffe5e1b0000 - 0x00007ffe5e394000 	C:\Windows\SYSTEM32\DBGHELP.DLL
0x00007ffe51390000 - 0x00007ffe513bc000 	C:\Windows\SYSTEM32\dbgcore.DLL
0x00007ffe60040000 - 0x00007ffe600c3000 	C:\Windows\System32\bcryptPrimitives.dll
0x00007ffe47620000 - 0x00007ffe47659000 	C:\eclipse\plugins\org.eclipse.justj.openjdk.hotspot.jre.full.win32.x86_64_15.0.1.v20201027-0507\jre\bin\jdwp.dll
0x00007ffe4ce60000 - 0x00007ffe4ce6e000 	C:\eclipse\plugins\org.eclipse.justj.openjdk.hotspot.jre.full.win32.x86_64_15.0.1.v20201027-0507\jre\bin\instrument.dll
0x00007ffe31820000 - 0x00007ffe31845000 	C:\eclipse\plugins\org.eclipse.justj.openjdk.hotspot.jre.full.win32.x86_64_15.0.1.v20201027-0507\jre\bin\java.dll
0x00007ffe45c40000 - 0x00007ffe45c58000 	C:\eclipse\plugins\org.eclipse.justj.openjdk.hotspot.jre.full.win32.x86_64_15.0.1.v20201027-0507\jre\bin\zip.dll
0x00007ffe61d40000 - 0x00007ffe6247f000 	C:\Windows\System32\SHELL32.dll
0x00007ffe5d960000 - 0x00007ffe5e0f0000 	C:\Windows\SYSTEM32\windows.storage.dll
0x00007ffe60c80000 - 0x00007ffe60fd5000 	C:\Windows\System32\combase.dll
0x00007ffe5f610000 - 0x00007ffe5f63c000 	C:\Windows\SYSTEM32\Wldp.dll
0x00007ffe618b0000 - 0x00007ffe6195d000 	C:\Windows\System32\SHCORE.dll
0x00007ffe61850000 - 0x00007ffe618a5000 	C:\Windows\System32\shlwapi.dll
0x00007ffe5fbd0000 - 0x00007ffe5fbef000 	C:\Windows\SYSTEM32\profapi.dll
0x00007ffe4cde0000 - 0x00007ffe4cdeb000 	C:\eclipse\plugins\org.eclipse.justj.openjdk.hotspot.jre.full.win32.x86_64_15.0.1.v20201027-0507\jre\bin\dt_socket.dll
0x00007ffe5f060000 - 0x00007ffe5f09b000 	C:\Windows\SYSTEM32\IPHLPAPI.DLL
0x00007ffe5f370000 - 0x00007ffe5f3da000 	C:\Windows\system32\mswsock.dll
0x00007ffe5f0a0000 - 0x00007ffe5f16c000 	C:\Windows\SYSTEM32\DNSAPI.dll
0x00007ffe62520000 - 0x00007ffe62528000 	C:\Windows\System32\NSI.dll
0x00007ffe57ac0000 - 0x00007ffe57aca000 	C:\Windows\System32\rasadhlp.dll
0x00007ffe57e00000 - 0x00007ffe57e7f000 	C:\Windows\System32\fwpuclnt.dll
0x00007ffe60010000 - 0x00007ffe60037000 	C:\Windows\System32\bcrypt.dll
0x00007ffe31800000 - 0x00007ffe31819000 	C:\eclipse\plugins\org.eclipse.justj.openjdk.hotspot.jre.full.win32.x86_64_15.0.1.v20201027-0507\jre\bin\net.dll
0x00007ffe57680000 - 0x00007ffe57788000 	C:\Windows\SYSTEM32\WINHTTP.dll
0x00007ffe317e0000 - 0x00007ffe317f2000 	C:\eclipse\plugins\org.eclipse.justj.openjdk.hotspot.jre.full.win32.x86_64_15.0.1.v20201027-0507\jre\bin\nio.dll
0x00007ffe4d530000 - 0x00007ffe4d540000 	C:\eclipse\plugins\org.eclipse.justj.openjdk.hotspot.jre.full.win32.x86_64_15.0.1.v20201027-0507\jre\bin\verify.dll
0x00007ffe59630000 - 0x00007ffe59647000 	C:\Windows\SYSTEM32\dhcpcsvc6.DLL
0x00007ffe59760000 - 0x00007ffe5977d000 	C:\Windows\SYSTEM32\dhcpcsvc.DLL
0x00007ffe3eba0000 - 0x00007ffe3eba9000 	C:\eclipse\plugins\org.eclipse.justj.openjdk.hotspot.jre.full.win32.x86_64_15.0.1.v20201027-0507\jre\bin\management.dll
0x00007ffe3bbe0000 - 0x00007ffe3bbeb000 	C:\eclipse\plugins\org.eclipse.justj.openjdk.hotspot.jre.full.win32.x86_64_15.0.1.v20201027-0507\jre\bin\management_ext.dll
0x00007ffe44fa0000 - 0x00007ffe44fb7000 	C:\Windows\system32\napinsp.dll
0x00007ffe3ec70000 - 0x00007ffe3ec8b000 	C:\Windows\system32\pnrpnsp.dll
0x00007ffe4d550000 - 0x00007ffe4d565000 	C:\Windows\system32\wshbth.dll
0x00007ffe5b2c0000 - 0x00007ffe5b2dd000 	C:\Windows\system32\NLAapi.dll
0x00007ffe3ec50000 - 0x00007ffe3ec62000 	C:\Windows\System32\winrnr.dll
0x00007ffe5f570000 - 0x00007ffe5f588000 	C:\Windows\SYSTEM32\CRYPTSP.dll
0x00007ffe5ecf0000 - 0x00007ffe5ed24000 	C:\Windows\system32\rsaenh.dll
0x00007ffe5fb90000 - 0x00007ffe5fbbe000 	C:\Windows\SYSTEM32\USERENV.dll
0x00007ffe5f560000 - 0x00007ffe5f56c000 	C:\Windows\SYSTEM32\CRYPTBASE.dll

dbghelp: loaded successfully - version: 4.0.5 - missing functions: none
symbol engine: initialized successfully - sym options: 0x614 - pdb path: .;C:\eclipse\plugins\org.eclipse.justj.openjdk.hotspot.jre.full.win32.x86_64_15.0.1.v20201027-0507\jre\bin;C:\Windows\SYSTEM32;C:\Windows\WinSxS\amd64_microsoft.windows.common-controls_6595b64144ccf1df_6.0.19041.1110_none_60b5254171f9507e;C:\eclipse\plugins\org.eclipse.justj.openjdk.hotspot.jre.full.win32.x86_64_15.0.1.v20201027-0507\jre\bin\server

VM Arguments:
jvm_args: -XX:+ShowCodeDetailsInExceptionMessages -agentlib:jdwp=transport=dt_socket,suspend=y,address=localhost:49866 -ea -javaagent:C:\eclipse\configuration\org.eclipse.osgi\405\0\.cp\lib\javaagent-shaded.jar -Dfile.encoding=UTF-8 
java_command: org.eclipse.jdt.internal.junit.runner.RemoteTestRunner -version 3 -port 49864 -testLoaderClass org.eclipse.jdt.internal.junit5.runner.JUnit5TestLoader -loaderpluginname org.eclipse.jdt.junit5.runtime -test com.todoapplication.api.TaskControllerTest:TestGetAllTask_InsertTaskInDb -uniqueId [engine:junit-jupiter]/[class:com.todoapplication.api.TaskControllerTest]/[method:TestGetAllTask_InsertTaskInDb()]
java_class_path (initial): C:\Users\pc\Documents\todoapplication\api\target\test-classes;C:\Users\pc\Documents\todoapplication\api\target\classes;C:\Users\pc\.m2\repository\org\apache\logging\log4j\log4j-api\2.14.1\log4j-api-2.14.1.jar;C:\Users\pc\.m2\repository\org\apache\logging\log4j\log4j-core\2.14.1\log4j-core-2.14.1.jar;C:\Users\pc\.m2\repository\org\springframework\boot\spring-boot-starter\2.5.5\spring-boot-starter-2.5.5.jar;C:\Users\pc\.m2\repository\org\springframework\boot\spring-boot\2.5.5\spring-boot-2.5.5.jar;C:\Users\pc\.m2\repository\org\springframework\spring-context\5.3.10\spring-context-5.3.10.jar;C:\Users\pc\.m2\repository\org\springframework\boot\spring-boot-autoconfigure\2.5.5\spring-boot-autoconfigure-2.5.5.jar;C:\Users\pc\.m2\repository\org\springframework\boot\spring-boot-starter-logging\2.5.5\spring-boot-starter-logging-2.5.5.jar;C:\Users\pc\.m2\repository\ch\qos\logback\logback-classic\1.2.6\logback-classic-1.2.6.jar;C:\Users\pc\.m2\repository\ch\qos\logback\logback-core\1.2.6\logback-core-1.2.6.jar;C:\Users\pc\.m2\repository\org\apache\logging\log4j\log4j-to-slf4j\2.14.1\log4j-to-slf4j-2.14.1.jar;C:\Users\pc\.m2\repository\org\slf4j\jul-to-slf4j\1.7.32\jul-to-slf4j-1.7.32.jar;C:\Users\pc\.m2\repository\jakarta\annotation\jakarta.annotation-api\1.3.5\jakarta.annotation-api-1.3.5.jar;C:\Users\pc\.m2\repository\org\springframework\spring-core\5.3.10\spring-core-5.3.10.jar;C:\Users\pc\.m2\repository\org\springframework\spring-jcl\5.3.10\spring-jcl-5.3.10.jar;C:\Users\pc\.m2\repository\org\yaml\snakeyaml\1.28\snakeyaml-1.28.jar;C:\Users\pc\.m2\repository\com\h2database\h2\1.4.200\h2-1.4.200.jar;C:\Users\pc\.m2\repository\org\projectlombok\lombok\1.18.20\lombok-1.18.20.jar;C:\Users\pc\.m2\repository\org\springframework\boot\spring-boot-starter-test\2.5.5\spring-boot-starter-test-2.5.5.jar;C:\Users\pc\.m2\repository\org\springframework\boot\spring-boot-test\2.5.5\spring-boot-test-2.5.5.jar;C:\Users\pc\.m2\repository\org\springframework\boot\spr
Launcher Type: SUN_STANDARD

[Global flags]
     intx CICompilerCount                          = 3                                         {product} {ergonomic}
     uint ConcGCThreads                            = 1                                         {product} {ergonomic}
     uint G1ConcRefinementThreads                  = 4                                         {product} {ergonomic}
   size_t G1HeapRegionSize                         = 1048576                                   {product} {ergonomic}
    uintx GCDrainStackTargetSize                   = 64                                        {product} {ergonomic}
   size_t InitialHeapSize                          = 67108864                                  {product} {ergonomic}
   size_t MarkStackSize                            = 4194304                                   {product} {ergonomic}
   size_t MaxHeapSize                              = 1073741824                                {product} {ergonomic}
   size_t MaxNewSize                               = 643825664                                 {product} {ergonomic}
   size_t MinHeapDeltaBytes                        = 1048576                                   {product} {ergonomic}
   size_t MinHeapSize                              = 8388608                                   {product} {ergonomic}
    uintx NonNMethodCodeHeapSize                   = 5832780                                {pd product} {ergonomic}
    uintx NonProfiledCodeHeapSize                  = 122912730                              {pd product} {ergonomic}
    uintx ProfiledCodeHeapSize                     = 122912730                              {pd product} {ergonomic}
    uintx ReservedCodeCacheSize                    = 251658240                              {pd product} {ergonomic}
     bool SegmentedCodeCache                       = true                                      {product} {ergonomic}
     bool ShowCodeDetailsInExceptionMessages       = true                                   {manageable} {command line}
   size_t SoftMaxHeapSize                          = 1073741824                             {manageable} {ergonomic}
     bool UseCompressedClassPointers               = true                                 {lp64_product} {ergonomic}
     bool UseCompressedOops                        = true                                 {lp64_product} {ergonomic}
     bool UseG1GC                                  = true                                      {product} {ergonomic}
     bool UseLargePagesIndividualAllocation        = false                                  {pd product} {ergonomic}

Logging:
Log output configuration:
 #0: stdout all=warning uptime,level,tags
 #1: stderr all=off uptime,level,tags

Environment Variables:
PATH=C:\eclipse\plugins\org.eclipse.justj.openjdk.hotspot.jre.full.win32.x86_64_15.0.1.v20201027-0507\jre\bin;C:/eclipse//plugins/org.eclipse.justj.openjdk.hotspot.jre.full.win32.x86_64_15.0.1.v20201027-0507/jre/bin/server;C:/eclipse//plugins/org.eclipse.justj.openjdk.hotspot.jre.full.win32.x86_64_15.0.1.v20201027-0507/jre/bin;C:\Program Files\Common Files\Oracle\Java\javapath;C:\Windows\system32;C:\Windows;C:\Windows\System32\Wbem;C:\Windows\System32\WindowsPowerShell\v1.0\;C:\Windows\System32\OpenSSH\;C:\apache-maven-3.8.2;C:\Program Files (x86)\dotnet\;C:\Program Files\nodejs\;C:\Program Files\Git\cmd;C:\Users\pc\AppData\Local\Microsoft\WindowsApps;C:\Users\pc\AppData\Roaming\npm;C:\Users\pc\AppData\Local\Programs\Microsoft VS Code\bin;C:\eclipse;
USERNAME=pc
OS=Windows_NT
PROCESSOR_IDENTIFIER=Intel64 Family 6 Model 23 Stepping 10, GenuineIntel



---------------  S Y S T E M  ---------------

OS:
 Windows 10 , 64 bit Build 19041 (10.0.19041.1202)
OS uptime: 0 days 4:49 hours

CPU: total 4 (initial active 4) (4 cores per cpu, 1 threads per core) family 6 model 23 stepping 10 microcode 0xa0c, cmov, cx8, fxsr, mmx, sse, sse2, sse3, ssse3, sse4.1, tsc, clflush

Memory: 4k page, system-wide physical 4095M (730M free)
TotalPageFile size 8959M (AvailPageFile size 3394M)
current process WorkingSet (physical memory assigned to process): 51M, peak: 287M
current process commit charge ("private bytes"): 285M, peak: 321M

vm_info: OpenJDK 64-Bit Server VM (15.0.1+9-18) for windows-amd64 JRE (15.0.1+9-18), built on Sep 15 2020 14:39:31 by "mach5one" with unknown MS VC++:1925

END.
